[1728] [002] [INFO]  Running tracing analysis.
[1728] [002] [INFO] EXTRACTION STARTING at 03/23/2026 14:41:39
[1728] [002] [INFO]   Extractor: C:\codeql\csharp\tools\win64\Semmle.Extraction.CSharp.Driver.dll
[1728] [002] [INFO]   Extractor version: heads/codeql-cli-2.25.0 (72534e882bf33d14aae72076bfcf73a208c8a1b3)
[1728] [002] [INFO]   Current working directory: C:\Users\LovekushChauhan\SampleApi
[1728] [002] [INFO]   Arguments to Roslyn: /noconfig @C:\Users\LovekushChauhan\AppData\Local\Temp\MSBuildTemp\tmp8360cba2ccbc43d18c0341093a3fc528.rsp /warnaserror-
[1728] [002] [INFO]   Arguments have been written to C:\Users\LovekushChauhan\SampleApi\mydb\log\csharp.78a163ccd7bdf6a650bbf330e5cd29f1995422d106ac9f022ff56a0c80113cfc.txt
[1728] [002] [INFO]   Models constructed in 00:00:02.0630520
[1728] [016] [INFO]   C:\Users\LovekushChauhan\.nuget\packages\microsoft.applicationinsights.aspnetcore\3.0.0\lib\net8.0\Microsoft.ApplicationInsights.AspNetCore.dll (00:00:00.3762711)
[1728] [015] [INFO]   C:\Program Files\dotnet\packs\Microsoft.AspNetCore.App.Ref\8.0.23\ref\net8.0\Microsoft.AspNetCore.Antiforgery.dll (00:00:00.3763342)
[1728] [014] [INFO]   C:\Users\LovekushChauhan\.nuget\packages\azure.monitor.opentelemetry.exporter\1.6.0\lib\net8.0\Azure.Monitor.OpenTelemetry.Exporter.dll (00:00:00.3789123)
[1728] [011] [INFO]   C:\Program Files\dotnet\packs\Microsoft.AspNetCore.App.Ref\8.0.23\ref\net8.0\Microsoft.AspNetCore.Authentication.BearerToken.dll (00:00:00.4210627)
[1728] [007] [INFO]   C:\Users\LovekushChauhan\.nuget\packages\azure.security.keyvault.secrets\4.6.0\lib\netstandard2.0\Azure.Security.KeyVault.Secrets.dll (00:00:00.4375459)
[1728] [015] [INFO]   C:\Program Files\dotnet\packs\Microsoft.AspNetCore.App.Ref\8.0.23\ref\net8.0\Microsoft.AspNetCore.Authentication.Core.dll (00:00:00.1297445)
[1728] [009] [INFO]   C:\Program Files\dotnet\packs\Microsoft.AspNetCore.App.Ref\8.0.23\ref\net8.0\Microsoft.AspNetCore.Authentication.Cookies.dll (00:00:00.5162576)
[1728] [013] [INFO]   C:\Program Files\dotnet\packs\Microsoft.AspNetCore.App.Ref\8.0.23\ref\net8.0\Microsoft.AspNetCore.Authentication.Abstractions.dll (00:00:00.5197287)
[1728] [016] [INFO]   C:\Program Files\dotnet\packs\Microsoft.AspNetCore.App.Ref\8.0.23\ref\net8.0\Microsoft.AspNetCore.Authentication.OAuth.dll (00:00:00.1383713)
[1728] [002] [INFO]   C:\Users\LovekushChauhan\SampleApi\obj\Debug\net8.0\SampleApi.dll (00:00:00.5522445)
[1728] [012] [INFO]   C:\Users\LovekushChauhan\.nuget\packages\microsoft.applicationinsights\3.0.0\lib\net8.0\Microsoft.ApplicationInsights.dll (00:00:00.5887203)
[1728] [006] [INFO]   C:\Users\LovekushChauhan\.nuget\packages\azure.identity\1.11.4\lib\netstandard2.0\Azure.Identity.dll (00:00:00.5900195)
[1728] [015] [INFO]   C:\Program Files\dotnet\packs\Microsoft.AspNetCore.App.Ref\8.0.23\ref\net8.0\Microsoft.AspNetCore.Authorization.Policy.dll (00:00:00.0588807)
[1728] [016] [INFO]   C:\Users\LovekushChauhan\.nuget\packages\microsoft.aspnetcore.authentication.jwtbearer\8.0.0\lib\net8.0\Microsoft.AspNetCore.Authentication.JwtBearer.dll (00:00:00.0802202)
[1728] [002] [INFO]   C:\Program Files\dotnet\packs\Microsoft.AspNetCore.App.Ref\8.0.23\ref\net8.0\Microsoft.AspNetCore.Components.Authorization.dll (00:00:00.0808486)
[1728] [013] [INFO]   C:\Program Files\dotnet\packs\Microsoft.AspNetCore.App.Ref\8.0.23\ref\net8.0\Microsoft.AspNetCore.Components.Endpoints.dll (00:00:00.1069349)
[1728] [011] [INFO]   C:\Program Files\dotnet\packs\Microsoft.AspNetCore.App.Ref\8.0.23\ref\net8.0\Microsoft.AspNetCore.Authorization.dll (00:00:00.1955360)
[1728] [011] [INFO]   C:\Program Files\dotnet\packs\Microsoft.AspNetCore.App.Ref\8.0.23\ref\net8.0\Microsoft.AspNetCore.Cryptography.Internal.dll (00:00:00.0234664)
[1728] [012] [INFO]   C:\Program Files\dotnet\packs\Microsoft.AspNetCore.App.Ref\8.0.23\ref\net8.0\Microsoft.AspNetCore.Components.Server.dll (00:00:00.0809218)
[1728] [016] [INFO]   C:\Program Files\dotnet\packs\Microsoft.AspNetCore.App.Ref\8.0.23\ref\net8.0\Microsoft.AspNetCore.Cors.dll (00:00:00.0583424)
[1728] [014] [INFO]   C:\Program Files\dotnet\packs\Microsoft.AspNetCore.App.Ref\8.0.23\ref\net8.0\Microsoft.AspNetCore.Authentication.dll (00:00:00.3219395)
[1728] [002] [INFO]   C:\Program Files\dotnet\packs\Microsoft.AspNetCore.App.Ref\8.0.23\ref\net8.0\Microsoft.AspNetCore.CookiePolicy.dll (00:00:00.0608957)
[1728] [012] [INFO]   C:\Program Files\dotnet\packs\Microsoft.AspNetCore.App.Ref\8.0.23\ref\net8.0\Microsoft.AspNetCore.Cryptography.KeyDerivation.dll (00:00:00.0126614)
[1728] [007] [INFO]   C:\Users\LovekushChauhan\.nuget\packages\microsoft.aspnetcore.authentication.openidconnect\8.0.0\lib\net8.0\Microsoft.AspNetCore.Authentication.OpenIdConnect.dll (00:00:00.2814234)
[1728] [014] [INFO]   C:\Program Files\dotnet\packs\Microsoft.AspNetCore.App.Ref\8.0.23\ref\net8.0\Microsoft.AspNetCore.DataProtection.Extensions.dll (00:00:00.0601464)
[1728] [011] [INFO]   C:\Program Files\dotnet\packs\Microsoft.AspNetCore.App.Ref\8.0.23\ref\net8.0\Microsoft.AspNetCore.DataProtection.Abstractions.dll (00:00:00.0836493)
[1728] [007] [INFO]   C:\Program Files\dotnet\packs\Microsoft.AspNetCore.App.Ref\8.0.23\ref\net8.0\Microsoft.AspNetCore.HostFiltering.dll (00:00:00.0239787)
[1728] [013] [INFO]   C:\Program Files\dotnet\packs\Microsoft.AspNetCore.App.Ref\8.0.23\ref\net8.0\Microsoft.AspNetCore.Components.Forms.dll (00:00:00.1367862)
[1728] [010] [INFO]   C:\Users\LovekushChauhan\.nuget\packages\azure.security.keyvault.certificates\4.6.0\lib\netstandard2.0\Azure.Security.KeyVault.Certificates.dll (00:00:00.8124642)
[1728] [002] [INFO]   C:\Program Files\dotnet\packs\Microsoft.AspNetCore.App.Ref\8.0.23\ref\net8.0\Microsoft.AspNetCore.Diagnostics.Abstractions.dll (00:00:00.1516270)
[1728] [006] [INFO]   C:\Program Files\dotnet\packs\Microsoft.AspNetCore.App.Ref\8.0.23\ref\net8.0\Microsoft.AspNetCore.Connections.Abstractions.dll (00:00:00.3080031)
[1728] [014] [INFO]   C:\Program Files\dotnet\packs\Microsoft.AspNetCore.App.Ref\8.0.23\ref\net8.0\Microsoft.AspNetCore.Hosting.Abstractions.dll (00:00:00.1103958)
[1728] [011] [INFO]   C:\Program Files\dotnet\packs\Microsoft.AspNetCore.App.Ref\8.0.23\ref\net8.0\Microsoft.AspNetCore.Diagnostics.HealthChecks.dll (00:00:00.1096051)
[1728] [002] [INFO]   C:\Program Files\dotnet\packs\Microsoft.AspNetCore.App.Ref\8.0.23\ref\net8.0\Microsoft.AspNetCore.Http.Connections.Common.dll (00:00:00.0317947)
[1728] [007] [INFO]   C:\Program Files\dotnet\packs\Microsoft.AspNetCore.App.Ref\8.0.23\ref\net8.0\Microsoft.AspNetCore.Hosting.dll (00:00:00.1162541)
[1728] [012] [INFO]   C:\Program Files\dotnet\packs\Microsoft.AspNetCore.App.Ref\8.0.23\ref\net8.0\Microsoft.AspNetCore.dll (00:00:00.2450380)
[1728] [014] [INFO]   C:\Program Files\dotnet\packs\Microsoft.AspNetCore.App.Ref\8.0.23\ref\net8.0\Microsoft.AspNetCore.Hosting.Server.Abstractions.dll (00:00:00.0300274)
[1728] [016] [INFO]   C:\Program Files\dotnet\packs\Microsoft.AspNetCore.App.Ref\8.0.23\ref\net8.0\Microsoft.AspNetCore.DataProtection.dll (00:00:00.3139949)
[1728] [013] [INFO]   C:\Program Files\dotnet\packs\Microsoft.AspNetCore.App.Ref\8.0.23\ref\net8.0\Microsoft.AspNetCore.Diagnostics.dll (00:00:00.1930777)
[1728] [011] [INFO]   C:\Program Files\dotnet\packs\Microsoft.AspNetCore.App.Ref\8.0.23\ref\net8.0\Microsoft.AspNetCore.Html.Abstractions.dll (00:00:00.0689769)
[1728] [006] [INFO]   C:\Program Files\dotnet\packs\Microsoft.AspNetCore.App.Ref\8.0.23\ref\net8.0\Microsoft.AspNetCore.Http.Connections.dll (00:00:00.1192210)
[1728] [013] [INFO]   C:\Program Files\dotnet\packs\Microsoft.AspNetCore.App.Ref\8.0.23\ref\net8.0\Microsoft.AspNetCore.Localization.Routing.dll (00:00:00.0306175)
[1728] [006] [INFO]   C:\Program Files\dotnet\packs\Microsoft.AspNetCore.App.Ref\8.0.23\ref\net8.0\Microsoft.AspNetCore.HttpsPolicy.dll (00:00:00.0404315)
[1728] [016] [INFO]   C:\Program Files\dotnet\packs\Microsoft.AspNetCore.App.Ref\8.0.23\ref\net8.0\Microsoft.AspNetCore.HttpOverrides.dll (00:00:00.0730501)
[1728] [013] [INFO]   C:\Program Files\dotnet\packs\Microsoft.AspNetCore.App.Ref\8.0.23\ref\net8.0\Microsoft.AspNetCore.Metadata.dll (00:00:00.0097945)
[1728] [007] [INFO]   C:\Program Files\dotnet\packs\Microsoft.AspNetCore.App.Ref\8.0.23\ref\net8.0\Microsoft.AspNetCore.Http.Extensions.dll (00:00:00.1428166)
[1728] [011] [INFO]   C:\Program Files\dotnet\packs\Microsoft.AspNetCore.App.Ref\8.0.23\ref\net8.0\Microsoft.AspNetCore.HttpLogging.dll (00:00:00.0947675)
[1728] [007] [INFO]   C:\Program Files\dotnet\packs\Microsoft.AspNetCore.App.Ref\8.0.23\ref\net8.0\Microsoft.AspNetCore.Mvc.ApiExplorer.dll (00:00:00.0115064)
[1728] [007] [INFO]   C:\Program Files\dotnet\packs\Microsoft.AspNetCore.App.Ref\8.0.23\ref\net8.0\Microsoft.AspNetCore.Mvc.Cors.dll (00:00:00.0047712)
[1728] [011] [INFO]   C:\Program Files\dotnet\packs\Microsoft.AspNetCore.App.Ref\8.0.23\ref\net8.0\Microsoft.AspNetCore.Localization.dll (00:00:00.0481520)
[1728] [007] [INFO]   C:\Program Files\dotnet\packs\Microsoft.AspNetCore.App.Ref\8.0.23\ref\net8.0\Microsoft.AspNetCore.Mvc.DataAnnotations.dll (00:00:00.0436360)
[1728] [012] [INFO]   C:\Program Files\dotnet\packs\Microsoft.AspNetCore.App.Ref\8.0.23\ref\net8.0\Microsoft.AspNetCore.Http.Features.dll (00:00:00.2339574)
[1728] [007] [INFO]   C:\Program Files\dotnet\packs\Microsoft.AspNetCore.App.Ref\8.0.23\ref\net8.0\Microsoft.AspNetCore.Mvc.Formatters.Json.dll (00:00:00.0098963)
[1728] [011] [INFO]   C:\Program Files\dotnet\packs\Microsoft.AspNetCore.App.Ref\8.0.23\ref\net8.0\Microsoft.AspNetCore.Mvc.dll (00:00:00.0248927)
[1728] [002] [INFO]   C:\Program Files\dotnet\packs\Microsoft.AspNetCore.App.Ref\8.0.23\ref\net8.0\Microsoft.AspNetCore.Http.dll (00:00:00.2992324)
[1728] [015] [INFO]   C:\Program Files\dotnet\packs\Microsoft.AspNetCore.App.Ref\8.0.23\ref\net8.0\Microsoft.AspNetCore.Components.Web.dll (00:00:00.6767383)
[1728] [009] [INFO]   C:\Program Files\dotnet\packs\Microsoft.AspNetCore.App.Ref\8.0.23\ref\net8.0\Microsoft.AspNetCore.Components.dll (00:00:00.7962851)
[1728] [015] [INFO]   C:\Users\LovekushChauhan\.nuget\packages\microsoft.aspnetcore.openapi\8.0.23\lib\net8.0\Microsoft.AspNetCore.OpenApi.dll (00:00:00.0156378)
[1728] [007] [INFO]   C:\Program Files\dotnet\packs\Microsoft.AspNetCore.App.Ref\8.0.23\ref\net8.0\Microsoft.AspNetCore.Mvc.Localization.dll (00:00:00.1104958)
[1728] [012] [INFO]   C:\Program Files\dotnet\packs\Microsoft.AspNetCore.App.Ref\8.0.23\ref\net8.0\Microsoft.AspNetCore.Mvc.Formatters.Xml.dll (00:00:00.1472811)
[1728] [010] [INFO]   C:\Program Files\dotnet\packs\Microsoft.AspNetCore.App.Ref\8.0.23\ref\net8.0\Microsoft.AspNetCore.Http.Abstractions.dll (00:00:00.5649274)
[1728] [007] [INFO]   C:\Program Files\dotnet\packs\Microsoft.AspNetCore.App.Ref\8.0.23\ref\net8.0\Microsoft.AspNetCore.OutputCaching.dll (00:00:00.0772202)
[1728] [015] [INFO]   C:\Program Files\dotnet\packs\Microsoft.AspNetCore.App.Ref\8.0.23\ref\net8.0\Microsoft.AspNetCore.RateLimiting.dll (00:00:00.0988767)
[1728] [006] [INFO]   C:\Program Files\dotnet\packs\Microsoft.AspNetCore.App.Ref\8.0.23\ref\net8.0\Microsoft.AspNetCore.Identity.dll (00:00:00.3946672)
[1728] [015] [INFO]   C:\Program Files\dotnet\packs\Microsoft.AspNetCore.App.Ref\8.0.23\ref\net8.0\Microsoft.AspNetCore.RequestDecompression.dll (00:00:00.0417611)
[1728] [006] [INFO]   C:\Program Files\dotnet\packs\Microsoft.AspNetCore.App.Ref\8.0.23\ref\net8.0\Microsoft.AspNetCore.ResponseCaching.Abstractions.dll (00:00:00.0105379)
[1728] [007] [INFO]   C:\Program Files\dotnet\packs\Microsoft.AspNetCore.App.Ref\8.0.23\ref\net8.0\Microsoft.AspNetCore.ResponseCaching.dll (00:00:00.0800637)
[1728] [014] [INFO]   C:\Program Files\dotnet\packs\Microsoft.AspNetCore.App.Ref\8.0.23\ref\net8.0\Microsoft.AspNetCore.Http.Results.dll (00:00:00.5177597)
[1728] [015] [INFO]   C:\Program Files\dotnet\packs\Microsoft.AspNetCore.App.Ref\8.0.23\ref\net8.0\Microsoft.AspNetCore.Razor.Runtime.dll (00:00:00.0810697)
[1728] [011] [INFO]   C:\Program Files\dotnet\packs\Microsoft.AspNetCore.App.Ref\8.0.23\ref\net8.0\Microsoft.AspNetCore.Mvc.Razor.dll (00:00:00.3703278)
[1728] [008] [INFO]   C:\Users\LovekushChauhan\.nuget\packages\azure.core\1.50.0\lib\net8.0\Azure.Core.dll (00:00:01.6235366)
[1728] [006] [INFO]   C:\Program Files\dotnet\packs\Microsoft.AspNetCore.App.Ref\8.0.23\ref\net8.0\Microsoft.AspNetCore.Rewrite.dll (00:00:00.0484015)
[1728] [007] [INFO]   C:\Program Files\dotnet\packs\Microsoft.AspNetCore.App.Ref\8.0.23\ref\net8.0\Microsoft.AspNetCore.ResponseCompression.dll (00:00:00.0762111)
[1728] [010] [INFO]   C:\Program Files\dotnet\packs\Microsoft.AspNetCore.App.Ref\8.0.23\ref\net8.0\Microsoft.AspNetCore.Razor.dll (00:00:00.1939641)
[1728] [007] [INFO]   C:\Program Files\dotnet\packs\Microsoft.AspNetCore.App.Ref\8.0.23\ref\net8.0\Microsoft.AspNetCore.Server.Kestrel.dll (00:00:00.0045943)
[1728] [014] [INFO]   C:\Program Files\dotnet\packs\Microsoft.AspNetCore.App.Ref\8.0.23\ref\net8.0\Microsoft.AspNetCore.Routing.Abstractions.dll (00:00:00.0865358)
[1728] [006] [INFO]   C:\Program Files\dotnet\packs\Microsoft.AspNetCore.App.Ref\8.0.23\ref\net8.0\Microsoft.AspNetCore.Server.IISIntegration.dll (00:00:00.0272921)
[1728] [011] [INFO]   C:\Program Files\dotnet\packs\Microsoft.AspNetCore.App.Ref\8.0.23\ref\net8.0\Microsoft.AspNetCore.Server.IIS.dll (00:00:00.0316482)
[1728] [007] [INFO]   C:\Program Files\dotnet\packs\Microsoft.AspNetCore.App.Ref\8.0.23\ref\net8.0\Microsoft.AspNetCore.Server.Kestrel.Transport.NamedPipes.dll (00:00:00.0197819)
[1728] [006] [INFO]   C:\Program Files\dotnet\packs\Microsoft.AspNetCore.App.Ref\8.0.23\ref\net8.0\Microsoft.AspNetCore.Server.Kestrel.Transport.Quic.dll (00:00:00.0171755)
[1728] [009] [INFO]   C:\Program Files\dotnet\packs\Microsoft.AspNetCore.App.Ref\8.0.23\ref\net8.0\Microsoft.AspNetCore.Mvc.TagHelpers.dll (00:00:00.3559024)
[1728] [014] [INFO]   C:\Program Files\dotnet\packs\Microsoft.AspNetCore.App.Ref\8.0.23\ref\net8.0\Microsoft.AspNetCore.Session.dll (00:00:00.0501372)
[1728] [007] [INFO]   C:\Program Files\dotnet\packs\Microsoft.AspNetCore.App.Ref\8.0.23\ref\net8.0\Microsoft.AspNetCore.SignalR.Common.dll (00:00:00.0516373)
[1728] [008] [INFO]   C:\Program Files\dotnet\packs\Microsoft.AspNetCore.App.Ref\8.0.23\ref\net8.0\Microsoft.AspNetCore.Server.HttpSys.dll (00:00:00.1068277)
[1728] [011] [INFO]   C:\Program Files\dotnet\packs\Microsoft.AspNetCore.App.Ref\8.0.23\ref\net8.0\Microsoft.AspNetCore.Server.Kestrel.Transport.Sockets.dll (00:00:00.0589264)
[1728] [007] [INFO]   C:\Program Files\dotnet\packs\Microsoft.AspNetCore.App.Ref\8.0.23\ref\net8.0\Microsoft.AspNetCore.WebSockets.dll (00:00:00.0321913)
[1728] [014] [INFO]   C:\Program Files\dotnet\packs\Microsoft.AspNetCore.App.Ref\8.0.23\ref\net8.0\Microsoft.AspNetCore.SignalR.Protocols.Json.dll (00:00:00.0396094)
[1728] [009] [INFO]   C:\Program Files\dotnet\packs\Microsoft.AspNetCore.App.Ref\8.0.23\ref\net8.0\Microsoft.AspNetCore.SignalR.dll (00:00:00.0522812)
[1728] [007] [INFO]   C:\Users\LovekushChauhan\.nuget\packages\microsoft.bcl.asyncinterfaces\8.0.0\lib\netstandard2.1\Microsoft.Bcl.AsyncInterfaces.dll (00:00:00.0043453)
[1728] [013] [INFO]   C:\Program Files\dotnet\packs\Microsoft.AspNetCore.App.Ref\8.0.23\ref\net8.0\Microsoft.AspNetCore.Mvc.Abstractions.dll (00:00:00.7077096)
[1728] [007] [INFO]   C:\Program Files\dotnet\packs\Microsoft.AspNetCore.App.Ref\8.0.23\ref\net8.0\Microsoft.Extensions.Configuration.Binder.dll (00:00:00.0184783)
[1728] [011] [INFO]   C:\Program Files\dotnet\packs\Microsoft.AspNetCore.App.Ref\8.0.23\ref\net8.0\Microsoft.AspNetCore.StaticFiles.dll (00:00:00.0835200)
[1728] [010] [INFO]   C:\Program Files\dotnet\packs\Microsoft.AspNetCore.App.Ref\8.0.23\ref\net8.0\Microsoft.AspNetCore.Server.Kestrel.Core.dll (00:00:00.1998718)
[1728] [009] [INFO]   C:\Program Files\dotnet\packs\Microsoft.NETCore.App.Ref\8.0.23\ref\net8.0\Microsoft.CSharp.dll (00:00:00.0604096)
[1728] [002] [INFO]   C:\Program Files\dotnet\packs\Microsoft.AspNetCore.App.Ref\8.0.23\ref\net8.0\Microsoft.AspNetCore.Mvc.RazorPages.dll (00:00:00.5798689)
[1728] [007] [INFO]   C:\Program Files\dotnet\packs\Microsoft.AspNetCore.App.Ref\8.0.23\ref\net8.0\Microsoft.Extensions.Configuration.CommandLine.dll (00:00:00.0170866)
[1728] [014] [INFO]   C:\Program Files\dotnet\packs\Microsoft.AspNetCore.App.Ref\8.0.23\ref\net8.0\Microsoft.Extensions.Caching.Abstractions.dll (00:00:00.0817357)
[1728] [007] [INFO]   C:\Program Files\dotnet\packs\Microsoft.AspNetCore.App.Ref\8.0.23\ref\net8.0\Microsoft.Extensions.Configuration.UserSecrets.dll (00:00:00.0047596)
[1728] [009] [INFO]   C:\Program Files\dotnet\packs\Microsoft.AspNetCore.App.Ref\8.0.23\ref\net8.0\Microsoft.Extensions.Configuration.EnvironmentVariables.dll (00:00:00.0368472)
[1728] [002] [INFO]   C:\Program Files\dotnet\packs\Microsoft.AspNetCore.App.Ref\8.0.23\ref\net8.0\Microsoft.Extensions.Configuration.FileExtensions.dll (00:00:00.0238123)
[1728] [011] [INFO]   C:\Program Files\dotnet\packs\Microsoft.AspNetCore.App.Ref\8.0.23\ref\net8.0\Microsoft.Extensions.Caching.Memory.dll (00:00:00.0480732)
[1728] [007] [INFO]   C:\Program Files\dotnet\packs\Microsoft.AspNetCore.App.Ref\8.0.23\ref\net8.0\Microsoft.Extensions.Configuration.KeyPerFile.dll (00:00:00.0094868)
[1728] [014] [INFO]   C:\Program Files\dotnet\packs\Microsoft.AspNetCore.App.Ref\8.0.23\ref\net8.0\Microsoft.Extensions.Configuration.Json.dll (00:00:00.0411538)
[1728] [013] [INFO]   C:\Program Files\dotnet\packs\Microsoft.AspNetCore.App.Ref\8.0.23\ref\net8.0\Microsoft.Extensions.Configuration.Abstractions.dll (00:00:00.0660035)
[1728] [010] [INFO]   C:\Program Files\dotnet\packs\Microsoft.AspNetCore.App.Ref\8.0.23\ref\net8.0\Microsoft.Extensions.Configuration.dll (00:00:00.0664914)
[1728] [011] [INFO]   C:\Program Files\dotnet\packs\Microsoft.AspNetCore.App.Ref\8.0.23\ref\net8.0\Microsoft.Extensions.Configuration.Xml.dll (00:00:00.0459947)
[1728] [014] [INFO]   C:\Program Files\dotnet\packs\Microsoft.AspNetCore.App.Ref\8.0.23\ref\net8.0\Microsoft.Extensions.DependencyInjection.dll (00:00:00.0287428)
[1728] [009] [INFO]   C:\Program Files\dotnet\packs\Microsoft.AspNetCore.App.Ref\8.0.23\ref\net8.0\Microsoft.Extensions.Configuration.Ini.dll (00:00:00.0531797)
[1728] [008] [INFO]   C:\Program Files\dotnet\packs\Microsoft.AspNetCore.App.Ref\8.0.23\ref\net8.0\Microsoft.AspNetCore.WebUtilities.dll (00:00:00.2160205)
[1728] [007] [INFO]   C:\Program Files\dotnet\packs\Microsoft.AspNetCore.App.Ref\8.0.23\ref\net8.0\Microsoft.Extensions.Diagnostics.Abstractions.dll (00:00:00.0505089)
[1728] [011] [INFO]   C:\Program Files\dotnet\packs\Microsoft.AspNetCore.App.Ref\8.0.23\ref\net8.0\Microsoft.Extensions.FileProviders.Abstractions.dll (00:00:00.0298455)
[1728] [009] [INFO]   C:\Program Files\dotnet\packs\Microsoft.AspNetCore.App.Ref\8.0.23\ref\net8.0\Microsoft.Extensions.Diagnostics.dll (00:00:00.0299033)
[1728] [008] [INFO]   C:\Program Files\dotnet\packs\Microsoft.AspNetCore.App.Ref\8.0.23\ref\net8.0\Microsoft.Extensions.FileProviders.Composite.dll (00:00:00.0374338)
[1728] [006] [INFO]   C:\Program Files\dotnet\packs\Microsoft.AspNetCore.App.Ref\8.0.23\ref\net8.0\Microsoft.AspNetCore.SignalR.Core.dll (00:00:00.3046223)
[1728] [013] [INFO]   C:\Program Files\dotnet\packs\Microsoft.AspNetCore.App.Ref\8.0.23\ref\net8.0\Microsoft.Extensions.Diagnostics.HealthChecks.dll (00:00:00.1046551)
[1728] [014] [INFO]   C:\Program Files\dotnet\packs\Microsoft.AspNetCore.App.Ref\8.0.23\ref\net8.0\Microsoft.Extensions.Features.dll (00:00:00.0840988)
[1728] [011] [INFO]   C:\Program Files\dotnet\packs\Microsoft.AspNetCore.App.Ref\8.0.23\ref\net8.0\Microsoft.Extensions.FileProviders.Physical.dll (00:00:00.0474389)
[1728] [010] [INFO]   C:\Program Files\dotnet\packs\Microsoft.AspNetCore.App.Ref\8.0.23\ref\net8.0\Microsoft.Extensions.Diagnostics.HealthChecks.Abstractions.dll (00:00:00.0952796)
[1728] [009] [INFO]   C:\Program Files\dotnet\packs\Microsoft.AspNetCore.App.Ref\8.0.23\ref\net8.0\Microsoft.Extensions.FileProviders.Embedded.dll (00:00:00.0535539)
[1728] [002] [INFO]   C:\Program Files\dotnet\packs\Microsoft.AspNetCore.App.Ref\8.0.23\ref\net8.0\Microsoft.Extensions.DependencyInjection.Abstractions.dll (00:00:00.2065564)
[1728] [007] [INFO]   C:\Program Files\dotnet\packs\Microsoft.AspNetCore.App.Ref\8.0.23\ref\net8.0\Microsoft.Extensions.FileSystemGlobbing.dll (00:00:00.1425069)
[1728] [006] [INFO]   C:\Program Files\dotnet\packs\Microsoft.AspNetCore.App.Ref\8.0.23\ref\net8.0\Microsoft.Extensions.Hosting.Abstractions.dll (00:00:00.0834502)
[1728] [009] [INFO]   C:\Program Files\dotnet\packs\Microsoft.AspNetCore.App.Ref\8.0.23\ref\net8.0\Microsoft.Extensions.Localization.Abstractions.dll (00:00:00.0524252)
[1728] [006] [INFO]   C:\Program Files\dotnet\packs\Microsoft.AspNetCore.App.Ref\8.0.23\ref\net8.0\Microsoft.Extensions.Logging.Debug.dll (00:00:00.0092584)
[1728] [008] [INFO]   C:\Program Files\dotnet\packs\Microsoft.AspNetCore.App.Ref\8.0.23\ref\net8.0\Microsoft.Extensions.Http.dll (00:00:00.1525391)
[1728] [013] [INFO]   C:\Program Files\dotnet\packs\Microsoft.AspNetCore.App.Ref\8.0.23\ref\net8.0\Microsoft.Extensions.Hosting.dll (00:00:00.1555407)
[1728] [006] [INFO]   C:\Program Files\dotnet\packs\Microsoft.AspNetCore.App.Ref\8.0.23\ref\net8.0\Microsoft.Extensions.Logging.Configuration.dll (00:00:00.0396589)
[1728] [002] [INFO]   C:\Program Files\dotnet\packs\Microsoft.AspNetCore.App.Ref\8.0.23\ref\net8.0\Microsoft.Extensions.Logging.dll (00:00:00.0593227)
[1728] [006] [INFO]   C:\Program Files\dotnet\packs\Microsoft.AspNetCore.App.Ref\8.0.23\ref\net8.0\Microsoft.Extensions.Logging.TraceSource.dll (00:00:00.0243191)
[1728] [013] [INFO]   C:\Program Files\dotnet\packs\Microsoft.AspNetCore.App.Ref\8.0.23\ref\net8.0\Microsoft.Extensions.Logging.EventSource.dll (00:00:00.0494161)
[1728] [008] [INFO]   C:\Program Files\dotnet\packs\Microsoft.AspNetCore.App.Ref\8.0.23\ref\net8.0\Microsoft.Extensions.Logging.EventLog.dll (00:00:00.0734601)
[1728] [009] [INFO]   C:\Program Files\dotnet\packs\Microsoft.AspNetCore.App.Ref\8.0.23\ref\net8.0\Microsoft.Extensions.Localization.dll (00:00:00.1082993)
[1728] [007] [INFO]   C:\Program Files\dotnet\packs\Microsoft.AspNetCore.App.Ref\8.0.23\ref\net8.0\Microsoft.Extensions.Logging.Console.dll (00:00:00.1759316)
[1728] [008] [INFO]   C:\Program Files\dotnet\packs\Microsoft.AspNetCore.App.Ref\8.0.23\ref\net8.0\Microsoft.Extensions.Options.DataAnnotations.dll (00:00:00.0535593)
[1728] [006] [INFO]   C:\Program Files\dotnet\packs\Microsoft.AspNetCore.App.Ref\8.0.23\ref\net8.0\Microsoft.Extensions.Options.ConfigurationExtensions.dll (00:00:00.0623882)
[1728] [013] [INFO]   C:\Program Files\dotnet\packs\Microsoft.AspNetCore.App.Ref\8.0.23\ref\net8.0\Microsoft.Extensions.ObjectPool.dll (00:00:00.0795375)
[1728] [015] [INFO]   C:\Program Files\dotnet\packs\Microsoft.AspNetCore.App.Ref\8.0.23\ref\net8.0\Microsoft.AspNetCore.Routing.dll (00:00:00.7330625)
[1728] [007] [INFO]   C:\Program Files\dotnet\packs\Microsoft.AspNetCore.App.Ref\8.0.23\ref\net8.0\Microsoft.Extensions.WebEncoders.dll (00:00:00.0346251)
[1728] [008] [INFO]   C:\Users\LovekushChauhan\.nuget\packages\microsoft.identity.web.certificate\4.5.0\lib\net8.0\Microsoft.Identity.Web.Certificate.dll (00:00:00.0615428)
[1728] [014] [INFO]   C:\Program Files\dotnet\packs\Microsoft.AspNetCore.App.Ref\8.0.23\ref\net8.0\Microsoft.Extensions.Logging.Abstractions.dll (00:00:00.3883465)
[1728] [009] [INFO]   C:\Program Files\dotnet\packs\Microsoft.AspNetCore.App.Ref\8.0.23\ref\net8.0\Microsoft.Extensions.Primitives.dll (00:00:00.1346075)
[1728] [015] [INFO]   C:\Users\LovekushChauhan\.nuget\packages\microsoft.identity.client.extensions.msal\4.61.3\lib\net6.0\Microsoft.Identity.Client.Extensions.Msal.dll (00:00:00.0870943)
[1728] [008] [INFO]   C:\Users\LovekushChauhan\.nuget\packages\microsoft.identity.web.diagnostics\4.5.0\lib\net8.0\Microsoft.Identity.Web.Diagnostics.dll (00:00:00.0096379)
[1728] [012] [INFO]   C:\Program Files\dotnet\packs\Microsoft.AspNetCore.App.Ref\8.0.23\ref\net8.0\Microsoft.AspNetCore.Mvc.ViewFeatures.dll (00:00:01.1115366)
[1728] [009] [INFO]   C:\Users\LovekushChauhan\.nuget\packages\microsoft.identity.web.certificateless\4.5.0\lib\netstandard2.0\Microsoft.Identity.Web.Certificateless.dll (00:00:00.0452850)
[1728] [010] [INFO]   C:\Program Files\dotnet\packs\Microsoft.AspNetCore.App.Ref\8.0.23\ref\net8.0\Microsoft.Extensions.Identity.Stores.dll (00:00:00.4436170)
[1728] [002] [INFO]   C:\Program Files\dotnet\packs\Microsoft.AspNetCore.App.Ref\8.0.23\ref\net8.0\Microsoft.Extensions.Options.dll (00:00:00.2912155)
[1728] [008] [INFO]   C:\Users\LovekushChauhan\.nuget\packages\microsoft.identitymodel.abstractions\8.15.0\lib\net8.0\Microsoft.IdentityModel.Abstractions.dll (00:00:00.0753236)
[1728] [012] [INFO]   C:\Users\LovekushChauhan\.nuget\packages\microsoft.identitymodel.loggingextensions\8.15.0\lib\netstandard2.0\Microsoft.IdentityModel.LoggingExtensions.dll (00:00:00.0347517)
[1728] [015] [INFO]   C:\Users\LovekushChauhan\.nuget\packages\microsoft.identity.web.tokencache\4.5.0\lib\net8.0\Microsoft.Identity.Web.TokenCache.dll (00:00:00.1065622)
[1728] [008] [INFO]   C:\Users\LovekushChauhan\.nuget\packages\microsoft.identitymodel.validators\8.15.0\lib\net8.0\Microsoft.IdentityModel.Validators.dll (00:00:00.0204940)
[1728] [002] [INFO]   C:\Users\LovekushChauhan\.nuget\packages\microsoft.identitymodel.protocols\8.15.0\lib\net8.0\Microsoft.IdentityModel.Protocols.dll (00:00:00.0702333)
[1728] [010] [INFO]   C:\Users\LovekushChauhan\.nuget\packages\microsoft.identitymodel.logging\8.15.0\lib\net8.0\Microsoft.IdentityModel.Logging.dll (00:00:00.1760561)
[1728] [009] [INFO]   C:\Users\LovekushChauhan\.nuget\packages\microsoft.identitymodel.jsonwebtokens\8.15.0\lib\net8.0\Microsoft.IdentityModel.JsonWebTokens.dll (00:00:00.1835660)
[1728] [014] [INFO]   C:\Users\LovekushChauhan\.nuget\packages\microsoft.identity.web.tokenacquisition\4.5.0\lib\net8.0\Microsoft.Identity.Web.TokenAcquisition.dll (00:00:00.2415733)
[1728] [010] [INFO]   C:\Program Files\dotnet\packs\Microsoft.NETCore.App.Ref\8.0.23\ref\net8.0\Microsoft.VisualBasic.dll (00:00:00.0050866)
[1728] [006] [INFO]   C:\Users\LovekushChauhan\.nuget\packages\microsoft.identity.abstractions\11.1.0\lib\net8.0\Microsoft.Identity.Abstractions.dll (00:00:00.4035128)
[1728] [007] [INFO]   C:\Users\LovekushChauhan\.nuget\packages\microsoft.identity.web\4.5.0\lib\net8.0\Microsoft.Identity.Web.dll (00:00:00.3709989)
[1728] [010] [INFO]   C:\Program Files\dotnet\packs\Microsoft.NETCore.App.Ref\8.0.23\ref\net8.0\Microsoft.Win32.Primitives.dll (00:00:00.0256950)
[1728] [006] [INFO]   C:\Program Files\dotnet\packs\Microsoft.NETCore.App.Ref\8.0.23\ref\net8.0\netstandard.dll (00:00:00.0140911)
[1728] [010] [INFO]   C:\Program Files\dotnet\packs\Microsoft.NETCore.App.Ref\8.0.23\ref\net8.0\mscorlib.dll (00:00:00.0057490)
[1728] [008] [INFO]   C:\Program Files\dotnet\packs\Microsoft.AspNetCore.App.Ref\8.0.23\ref\net8.0\Microsoft.Net.Http.Headers.dll (00:00:00.2185108)
[1728] [015] [INFO]   C:\Program Files\dotnet\packs\Microsoft.AspNetCore.App.Ref\8.0.23\ref\net8.0\Microsoft.JSInterop.dll (00:00:00.2275827)
[1728] [006] [INFO]   C:\Users\LovekushChauhan\.nuget\packages\opentelemetry.api.providerbuilderextensions\1.15.0\lib\net8.0\OpenTelemetry.Api.ProviderBuilderExtensions.dll (00:00:00.0959162)
[1728] [007] [INFO]   C:\Program Files\dotnet\packs\Microsoft.NETCore.App.Ref\8.0.23\ref\net8.0\Microsoft.Win32.Registry.dll (00:00:00.1203462)
[1728] [015] [INFO]   C:\Users\LovekushChauhan\.nuget\packages\opentelemetry.extensions.hosting\1.15.0\lib\net8.0\OpenTelemetry.Extensions.Hosting.dll (00:00:00.0637266)
[1728] [002] [INFO]   C:\Users\LovekushChauhan\.nuget\packages\microsoft.identitymodel.protocols.openidconnect\8.15.0\lib\net8.0\Microsoft.IdentityModel.Protocols.OpenIdConnect.dll (00:00:00.3064995)
[1728] [006] [INFO]   C:\Users\LovekushChauhan\.nuget\packages\opentelemetry.instrumentation.aspnetcore\1.15.0\lib\net8.0\OpenTelemetry.Instrumentation.AspNetCore.dll (00:00:00.0615268)
[1728] [002] [INFO]   C:\Users\LovekushChauhan\.nuget\packages\opentelemetry.persistentstorage.abstractions\1.0.2\lib\netstandard2.0\OpenTelemetry.PersistentStorage.Abstractions.dll (00:00:00.0663935)
[1728] [015] [INFO]   C:\Users\LovekushChauhan\.nuget\packages\opentelemetry.instrumentation.sqlclient\1.15.0\lib\net8.0\OpenTelemetry.Instrumentation.SqlClient.dll (00:00:00.1019561)
[1728] [007] [INFO]   C:\Users\LovekushChauhan\.nuget\packages\opentelemetry.instrumentation.http\1.15.0\lib\net8.0\OpenTelemetry.Instrumentation.Http.dll (00:00:00.1309221)
[1728] [002] [INFO]   C:\Users\LovekushChauhan\.nuget\packages\opentelemetry.persistentstorage.filesystem\1.0.2\lib\netstandard2.0\OpenTelemetry.PersistentStorage.FileSystem.dll (00:00:00.0372200)
[1728] [011] [INFO]   C:\Program Files\dotnet\packs\Microsoft.AspNetCore.App.Ref\8.0.23\ref\net8.0\Microsoft.Extensions.Identity.Core.dll (00:00:01.0519789)
[1728] [007] [INFO]   C:\Program Files\dotnet\packs\Microsoft.NETCore.App.Ref\8.0.23\ref\net8.0\System.AppContext.dll (00:00:00.0180286)
[1728] [002] [INFO]   C:\Program Files\dotnet\packs\Microsoft.NETCore.App.Ref\8.0.23\ref\net8.0\System.Buffers.dll (00:00:00.0231534)
[1728] [015] [INFO]   C:\Users\LovekushChauhan\.nuget\packages\swashbuckle.aspnetcore.swagger\6.6.2\lib\net8.0\Swashbuckle.AspNetCore.Swagger.dll (00:00:00.0577140)
[1728] [016] [INFO]   C:\Program Files\dotnet\packs\Microsoft.AspNetCore.App.Ref\8.0.23\ref\net8.0\Microsoft.AspNetCore.Mvc.Core.dll (00:00:02.0688320)
[1728] [006] [INFO]   C:\Users\LovekushChauhan\.nuget\packages\swashbuckle.aspnetcore.swaggergen\6.6.2\lib\net8.0\Swashbuckle.AspNetCore.SwaggerGen.dll (00:00:00.2679569)
[1728] [008] [INFO]   C:\Users\LovekushChauhan\.nuget\packages\opentelemetry.api\1.15.0\lib\net8.0\OpenTelemetry.Api.dll (00:00:00.3938772)
[1728] [011] [INFO]   C:\Users\LovekushChauhan\.nuget\packages\swashbuckle.aspnetcore.swaggerui\6.6.2\lib\net8.0\Swashbuckle.AspNetCore.SwaggerUI.dll (00:00:00.1586167)
[1728] [011] [INFO]   C:\Program Files\dotnet\packs\Microsoft.NETCore.App.Ref\8.0.23\ref\net8.0\System.Collections.NonGeneric.dll (00:00:00.1261574)
[1728] [002] [INFO]   C:\Program Files\dotnet\packs\Microsoft.NETCore.App.Ref\8.0.23\ref\net8.0\System.Collections.Concurrent.dll (00:00:00.2738095)
[1728] [011] [INFO]   C:\Program Files\dotnet\packs\Microsoft.NETCore.App.Ref\8.0.23\ref\net8.0\System.ComponentModel.DataAnnotations.dll (00:00:00.0096759)
[1728] [010] [INFO]   C:\Users\LovekushChauhan\.nuget\packages\opentelemetry\1.15.0\lib\net8.0\OpenTelemetry.dll (00:00:00.6737260)
[1728] [006] [INFO]   C:\Program Files\dotnet\packs\Microsoft.NETCore.App.Ref\8.0.23\ref\net8.0\System.ComponentModel.Annotations.dll (00:00:00.2088383)
[1728] [002] [INFO]   C:\Program Files\dotnet\packs\Microsoft.NETCore.App.Ref\8.0.23\ref\net8.0\System.ComponentModel.dll (00:00:00.0280678)
[1728] [008] [INFO]   C:\Program Files\dotnet\packs\Microsoft.NETCore.App.Ref\8.0.23\ref\net8.0\System.Collections.Specialized.dll (00:00:00.1993889)
[1728] [008] [INFO]   C:\Program Files\dotnet\packs\Microsoft.NETCore.App.Ref\8.0.23\ref\net8.0\System.Configuration.dll (00:00:00.0066001)
[1728] [008] [INFO]   C:\Program Files\dotnet\packs\Microsoft.NETCore.App.Ref\8.0.23\ref\net8.0\System.Core.dll (00:00:00.0033203)
[1728] [011] [INFO]   C:\Program Files\dotnet\packs\Microsoft.NETCore.App.Ref\8.0.23\ref\net8.0\System.ComponentModel.EventBasedAsync.dll (00:00:00.0642538)
[1728] [008] [INFO]   C:\Program Files\dotnet\packs\Microsoft.NETCore.App.Ref\8.0.23\ref\net8.0\System.Data.dll (00:00:00.0045445)
[1728] [008] [INFO]   C:\Program Files\dotnet\packs\Microsoft.NETCore.App.Ref\8.0.23\ref\net8.0\System.Data.DataSetExtensions.dll (00:00:00.0071523)
[1728] [012] [INFO]   C:\Users\LovekushChauhan\.nuget\packages\microsoft.identitymodel.tokens\8.15.0\lib\net8.0\Microsoft.IdentityModel.Tokens.dll (00:00:01.0365588)
[1728] [013] [INFO]   C:\Users\LovekushChauhan\.nuget\packages\microsoft.identity.client\4.82.0\lib\net8.0\Microsoft.Identity.Client.dll (00:00:01.2660800)
[1728] [007] [INFO]   C:\Users\LovekushChauhan\.nuget\packages\system.clientmodel\1.8.0\lib\net8.0\System.ClientModel.dll (00:00:00.5026051)
[1728] [002] [INFO]   C:\Program Files\dotnet\packs\Microsoft.NETCore.App.Ref\8.0.23\ref\net8.0\System.ComponentModel.Primitives.dll (00:00:00.1500147)
[1728] [006] [INFO]   C:\Program Files\dotnet\packs\Microsoft.NETCore.App.Ref\8.0.23\ref\net8.0\System.Console.dll (00:00:00.1339001)
[1728] [014] [INFO]   C:\Program Files\dotnet\packs\Microsoft.NETCore.App.Ref\8.0.23\ref\net8.0\Microsoft.VisualBasic.Core.dll (00:00:00.9536271)
[1728] [012] [INFO]   C:\Program Files\dotnet\packs\Microsoft.NETCore.App.Ref\8.0.23\ref\net8.0\System.Diagnostics.Debug.dll (00:00:00.0448258)
[1728] [008] [INFO]   C:\Program Files\dotnet\packs\Microsoft.NETCore.App.Ref\8.0.23\ref\net8.0\System.Diagnostics.Contracts.dll (00:00:00.0995083)
[1728] [007] [INFO]   C:\Program Files\dotnet\packs\Microsoft.NETCore.App.Ref\8.0.23\ref\net8.0\System.Diagnostics.FileVersionInfo.dll (00:00:00.0327096)
[1728] [014] [INFO]   C:\Program Files\dotnet\packs\Microsoft.NETCore.App.Ref\8.0.23\ref\net8.0\System.Diagnostics.Tools.dll (00:00:00.0106765)
[1728] [006] [INFO]   C:\Program Files\dotnet\packs\Microsoft.NETCore.App.Ref\8.0.23\ref\net8.0\System.Diagnostics.TextWriterTraceListener.dll (00:00:00.0625915)
[1728] [007] [INFO]   C:\Program Files\dotnet\packs\Microsoft.NETCore.App.Ref\8.0.23\ref\net8.0\System.Drawing.dll (00:00:00.0167308)
[1728] [007] [INFO]   C:\Program Files\dotnet\packs\Microsoft.NETCore.App.Ref\8.0.23\ref\net8.0\System.dll (00:00:00.0490082)
[1728] [012] [INFO]   C:\Program Files\dotnet\packs\Microsoft.NETCore.App.Ref\8.0.23\ref\net8.0\System.Diagnostics.StackTrace.dll (00:00:00.1313207)
[1728] [007] [INFO]   C:\Program Files\dotnet\packs\Microsoft.NETCore.App.Ref\8.0.23\ref\net8.0\System.Globalization.Calendars.dll (00:00:00.0054048)
[1728] [007] [INFO]   C:\Program Files\dotnet\packs\Microsoft.NETCore.App.Ref\8.0.23\ref\net8.0\System.Dynamic.Runtime.dll (00:00:00.0073596)
[1728] [006] [INFO]   C:\Program Files\dotnet\packs\Microsoft.NETCore.App.Ref\8.0.23\ref\net8.0\System.Diagnostics.TraceSource.dll (00:00:00.1522008)
[1728] [008] [INFO]   C:\Program Files\dotnet\packs\Microsoft.NETCore.App.Ref\8.0.23\ref\net8.0\System.Diagnostics.Process.dll (00:00:00.2256013)
[1728] [007] [INFO]   C:\Program Files\dotnet\packs\Microsoft.NETCore.App.Ref\8.0.23\ref\net8.0\System.Globalization.dll (00:00:00.0041925)
[1728] [006] [INFO]   C:\Program Files\dotnet\packs\Microsoft.NETCore.App.Ref\8.0.23\ref\net8.0\System.Formats.Tar.dll (00:00:00.0534499)
[1728] [014] [INFO]   C:\Program Files\dotnet\packs\Microsoft.NETCore.App.Ref\8.0.23\ref\net8.0\System.Diagnostics.Tracing.dll (00:00:00.2387076)
[1728] [008] [INFO]   C:\Program Files\dotnet\packs\Microsoft.NETCore.App.Ref\8.0.23\ref\net8.0\System.IO.Compression.Brotli.dll (00:00:00.0569165)
[1728] [002] [INFO]   C:\Program Files\dotnet\packs\Microsoft.AspNetCore.App.Ref\8.0.23\ref\net8.0\System.Diagnostics.EventLog.dll (00:00:00.3351914)
[1728] [006] [INFO]   C:\Program Files\dotnet\packs\Microsoft.NETCore.App.Ref\8.0.23\ref\net8.0\System.Globalization.Extensions.dll (00:00:00.0052796)
[1728] [002] [INFO]   C:\Program Files\dotnet\packs\Microsoft.NETCore.App.Ref\8.0.23\ref\net8.0\System.IO.dll (00:00:00.0200480)
[1728] [002] [INFO]   C:\Program Files\dotnet\packs\Microsoft.NETCore.App.Ref\8.0.23\ref\net8.0\System.IO.Compression.ZipFile.dll (00:00:00.0104665)
[1728] [015] [INFO]   C:\Program Files\dotnet\packs\Microsoft.NETCore.App.Ref\8.0.23\ref\net8.0\System.Collections.dll (00:00:00.8997021)
[1728] [006] [INFO]   C:\Program Files\dotnet\packs\Microsoft.NETCore.App.Ref\8.0.23\ref\net8.0\System.IO.FileSystem.AccessControl.dll (00:00:00.0456056)
[1728] [002] [INFO]   C:\Program Files\dotnet\packs\Microsoft.NETCore.App.Ref\8.0.23\ref\net8.0\System.IO.Compression.FileSystem.dll (00:00:00.0038396)
[1728] [012] [INFO]   C:\Program Files\dotnet\packs\Microsoft.NETCore.App.Ref\8.0.23\ref\net8.0\System.Drawing.Primitives.dll (00:00:00.2568737)
[1728] [002] [INFO]   C:\Program Files\dotnet\packs\Microsoft.NETCore.App.Ref\8.0.23\ref\net8.0\System.IO.FileSystem.dll (00:00:00.0155754)
[1728] [006] [INFO]   C:\Program Files\dotnet\packs\Microsoft.NETCore.App.Ref\8.0.23\ref\net8.0\System.IO.FileSystem.Primitives.dll (00:00:00.0036642)
[1728] [015] [INFO]   C:\Program Files\dotnet\packs\Microsoft.NETCore.App.Ref\8.0.23\ref\net8.0\System.IO.FileSystem.DriveInfo.dll (00:00:00.0188571)
[1728] [007] [INFO]   C:\Users\LovekushChauhan\.nuget\packages\system.identitymodel.tokens.jwt\8.15.0\lib\net8.0\System.IdentityModel.Tokens.Jwt.dll (00:00:00.2204125)
[1728] [006] [INFO]   C:\Program Files\dotnet\packs\Microsoft.NETCore.App.Ref\8.0.23\ref\net8.0\System.IO.Pipes.AccessControl.dll (00:00:00.0404341)
[1728] [014] [INFO]   C:\Program Files\dotnet\packs\Microsoft.NETCore.App.Ref\8.0.23\ref\net8.0\System.IO.Compression.dll (00:00:00.1491831)
[1728] [008] [INFO]   C:\Program Files\dotnet\packs\Microsoft.NETCore.App.Ref\8.0.23\ref\net8.0\System.Formats.Asn1.dll (00:00:00.1851775)
[1728] [006] [INFO]   C:\Program Files\dotnet\packs\Microsoft.NETCore.App.Ref\8.0.23\ref\net8.0\System.IO.UnmanagedMemoryStream.dll (00:00:00.0032895)
[1728] [015] [INFO]   C:\Program Files\dotnet\packs\Microsoft.NETCore.App.Ref\8.0.23\ref\net8.0\System.IO.MemoryMappedFiles.dll (00:00:00.0555108)
[1728] [002] [INFO]   C:\Program Files\dotnet\packs\Microsoft.AspNetCore.App.Ref\8.0.23\ref\net8.0\System.IO.Pipelines.dll (00:00:00.0638439)
[1728] [012] [INFO]   C:\Program Files\dotnet\packs\Microsoft.NETCore.App.Ref\8.0.23\ref\net8.0\System.IO.FileSystem.Watcher.dll (00:00:00.1055417)
[1728] [006] [INFO]   C:\Program Files\dotnet\packs\Microsoft.NETCore.App.Ref\8.0.23\ref\net8.0\System.IO.IsolatedStorage.dll (00:00:00.0589705)
[1728] [014] [INFO]   C:\Program Files\dotnet\packs\Microsoft.NETCore.App.Ref\8.0.23\ref\net8.0\System.IO.Pipes.dll (00:00:00.0716018)
[1728] [009] [INFO]   C:\Users\LovekushChauhan\.nuget\packages\microsoft.openapi\1.6.14\lib\netstandard2.0\Microsoft.OpenApi.dll (00:00:01.5721675)
[1728] [014] [INFO]   C:\Program Files\dotnet\packs\Microsoft.NETCore.App.Ref\8.0.23\ref\net8.0\System.Net.dll (00:00:00.0044871)
[1728] [012] [INFO]   C:\Users\LovekushChauhan\.nuget\packages\system.memory.data\8.0.1\lib\net8.0\System.Memory.Data.dll (00:00:00.0733414)
[1728] [013] [INFO]   C:\Users\LovekushChauhan\.nuget\packages\system.diagnostics.diagnosticsource\10.0.0\lib\net8.0\System.Diagnostics.DiagnosticSource.dll (00:00:00.6779702)
[1728] [009] [INFO]   C:\Program Files\dotnet\packs\Microsoft.NETCore.App.Ref\8.0.23\ref\net8.0\System.Net.HttpListener.dll (00:00:00.1306655)
[1728] [009] [INFO]   C:\Program Files\dotnet\packs\Microsoft.NETCore.App.Ref\8.0.23\ref\net8.0\System.Net.NameResolution.dll (00:00:00.0263383)
[1728] [012] [INFO]   C:\Program Files\dotnet\packs\Microsoft.NETCore.App.Ref\8.0.23\ref\net8.0\System.Net.Http.Json.dll (00:00:00.1718554)
[1728] [012] [INFO]   C:\Program Files\dotnet\packs\Microsoft.NETCore.App.Ref\8.0.23\ref\net8.0\System.Net.Ping.dll (00:00:00.0507505)
[1728] [002] [INFO]   C:\Program Files\dotnet\packs\Microsoft.NETCore.App.Ref\8.0.23\ref\net8.0\System.Linq.Queryable.dll (00:00:00.3482147)
[1728] [007] [INFO]   C:\Program Files\dotnet\packs\Microsoft.NETCore.App.Ref\8.0.23\ref\net8.0\System.Linq.dll (00:00:00.4405783)
[1728] [013] [INFO]   C:\Program Files\dotnet\packs\Microsoft.NETCore.App.Ref\8.0.23\ref\net8.0\System.Net.Mail.dll (00:00:00.2858744)
[1728] [009] [INFO]   C:\Program Files\dotnet\packs\Microsoft.NETCore.App.Ref\8.0.23\ref\net8.0\System.Net.NetworkInformation.dll (00:00:00.1685706)
[1728] [015] [INFO]   C:\Program Files\dotnet\packs\Microsoft.NETCore.App.Ref\8.0.23\ref\net8.0\System.Linq.Parallel.dll (00:00:00.5006529)
[1728] [002] [INFO]   C:\Program Files\dotnet\packs\Microsoft.NETCore.App.Ref\8.0.23\ref\net8.0\System.Net.Quic.dll (00:00:00.1296000)
[1728] [009] [INFO]   C:\Program Files\dotnet\packs\Microsoft.NETCore.App.Ref\8.0.23\ref\net8.0\System.Net.ServicePoint.dll (00:00:00.0629149)
[1728] [007] [INFO]   C:\Program Files\dotnet\packs\Microsoft.NETCore.App.Ref\8.0.23\ref\net8.0\System.Net.Requests.dll (00:00:00.2134686)
[1728] [016] [INFO]   C:\Program Files\dotnet\packs\Microsoft.NETCore.App.Ref\8.0.23\ref\net8.0\System.Collections.Immutable.dll (00:00:01.5953044)
[1728] [008] [INFO]   C:\Program Files\dotnet\packs\Microsoft.NETCore.App.Ref\8.0.23\ref\net8.0\System.Linq.Expressions.dll (00:00:00.6551851)
[1728] [016] [INFO]   C:\Program Files\dotnet\packs\Microsoft.NETCore.App.Ref\8.0.23\ref\net8.0\System.Numerics.dll (00:00:00.0045543)
[1728] [009] [INFO]   C:\Program Files\dotnet\packs\Microsoft.NETCore.App.Ref\8.0.23\ref\net8.0\System.Net.WebHeaderCollection.dll (00:00:00.0687175)
[1728] [012] [INFO]   C:\Program Files\dotnet\packs\Microsoft.NETCore.App.Ref\8.0.23\ref\net8.0\System.Net.Primitives.dll (00:00:00.3041153)
[1728] [007] [INFO]   C:\Program Files\dotnet\packs\Microsoft.NETCore.App.Ref\8.0.23\ref\net8.0\System.Net.WebProxy.dll (00:00:00.0415636)
[1728] [010] [INFO]   C:\Program Files\dotnet\packs\Microsoft.NETCore.App.Ref\8.0.23\ref\net8.0\System.ComponentModel.TypeConverter.dll (00:00:01.4320767)
[1728] [012] [INFO]   C:\Program Files\dotnet\packs\Microsoft.NETCore.App.Ref\8.0.23\ref\net8.0\System.Reflection.dll (00:00:00.0052921)
[1728] [007] [INFO]   C:\Program Files\dotnet\packs\Microsoft.NETCore.App.Ref\8.0.23\ref\net8.0\System.Reflection.DispatchProxy.dll (00:00:00.0201156)
[1728] [008] [INFO]   C:\Program Files\dotnet\packs\Microsoft.NETCore.App.Ref\8.0.23\ref\net8.0\System.Net.WebSockets.Client.dll (00:00:00.0806084)
[1728] [014] [INFO]   C:\Program Files\dotnet\packs\Microsoft.NETCore.App.Ref\8.0.23\ref\net8.0\System.Net.Http.dll (00:00:00.6618644)
[1728] [016] [INFO]   C:\Program Files\dotnet\packs\Microsoft.NETCore.App.Ref\8.0.23\ref\net8.0\System.Net.WebSockets.dll (00:00:00.0607191)
[1728] [016] [INFO]   C:\Program Files\dotnet\packs\Microsoft.NETCore.App.Ref\8.0.23\ref\net8.0\System.Reflection.Extensions.dll (00:00:00.0018698)
[1728] [015] [INFO]   C:\Program Files\dotnet\packs\Microsoft.NETCore.App.Ref\8.0.23\ref\net8.0\System.Net.WebClient.dll (00:00:00.2736972)
[1728] [015] [INFO]   C:\Program Files\dotnet\packs\Microsoft.NETCore.App.Ref\8.0.23\ref\net8.0\System.Resources.Reader.dll (00:00:00.0023837)
[1728] [006] [INFO]   C:\Program Files\dotnet\packs\Microsoft.NETCore.App.Ref\8.0.23\ref\net8.0\System.Memory.dll (00:00:00.7697709)
[1728] [008] [INFO]   C:\Program Files\dotnet\packs\Microsoft.NETCore.App.Ref\8.0.23\ref\net8.0\System.Reflection.Emit.Lightweight.dll (00:00:00.0641072)
[1728] [007] [INFO]   C:\Program Files\dotnet\packs\Microsoft.NETCore.App.Ref\8.0.23\ref\net8.0\System.Reflection.Emit.ILGeneration.dll (00:00:00.0713969)
[1728] [013] [INFO]   C:\Program Files\dotnet\packs\Microsoft.NETCore.App.Ref\8.0.23\ref\net8.0\System.Net.Security.dll (00:00:00.3861440)
[1728] [016] [INFO]   C:\Program Files\dotnet\packs\Microsoft.NETCore.App.Ref\8.0.23\ref\net8.0\System.Reflection.TypeExtensions.dll (00:00:00.0426134)
[1728] [007] [INFO]   C:\Program Files\dotnet\packs\Microsoft.NETCore.App.Ref\8.0.23\ref\net8.0\System.Resources.ResourceManager.dll (00:00:00.0053047)
[1728] [016] [INFO]   C:\Program Files\dotnet\packs\Microsoft.NETCore.App.Ref\8.0.23\ref\net8.0\System.Runtime.CompilerServices.Unsafe.dll (00:00:00.0115531)
[1728] [013] [INFO]   C:\Program Files\dotnet\packs\Microsoft.NETCore.App.Ref\8.0.23\ref\net8.0\System.Runtime.Handles.dll (00:00:00.0168824)
[1728] [007] [INFO]   C:\Program Files\dotnet\packs\Microsoft.NETCore.App.Ref\8.0.23\ref\net8.0\System.Runtime.Extensions.dll (00:00:00.0194571)
[1728] [006] [INFO]   C:\Program Files\dotnet\packs\Microsoft.NETCore.App.Ref\8.0.23\ref\net8.0\System.Runtime.CompilerServices.VisualC.dll (00:00:00.0273563)
[1728] [008] [INFO]   C:\Program Files\dotnet\packs\Microsoft.NETCore.App.Ref\8.0.23\ref\net8.0\System.Resources.Writer.dll (00:00:00.0461423)
[1728] [008] [INFO]   C:\Program Files\dotnet\packs\Microsoft.NETCore.App.Ref\8.0.23\ref\net8.0\System.Runtime.InteropServices.RuntimeInformation.dll (00:00:00.0149384)
[1728] [015] [INFO]   C:\Program Files\dotnet\packs\Microsoft.NETCore.App.Ref\8.0.23\ref\net8.0\System.Reflection.Primitives.dll (00:00:00.1179412)
[1728] [002] [INFO]   C:\Program Files\dotnet\packs\Microsoft.NETCore.App.Ref\8.0.23\ref\net8.0\System.Net.Sockets.dll (00:00:00.4346797)
[1728] [012] [INFO]   C:\Program Files\dotnet\packs\Microsoft.NETCore.App.Ref\8.0.23\ref\net8.0\System.ObjectModel.dll (00:00:00.2405976)
[1728] [008] [INFO]   C:\Program Files\dotnet\packs\Microsoft.NETCore.App.Ref\8.0.23\ref\net8.0\System.Runtime.Loader.dll (00:00:00.0467048)
[1728] [008] [INFO]   C:\Program Files\dotnet\packs\Microsoft.NETCore.App.Ref\8.0.23\ref\net8.0\System.Runtime.Serialization.dll (00:00:00.0102918)
[1728] [012] [INFO]   C:\Program Files\dotnet\packs\Microsoft.NETCore.App.Ref\8.0.23\ref\net8.0\System.Runtime.Serialization.Formatters.dll (00:00:00.0611680)
[1728] [013] [INFO]   C:\Program Files\dotnet\packs\Microsoft.NETCore.App.Ref\8.0.23\ref\net8.0\System.Runtime.InteropServices.JavaScript.dll (00:00:00.1841527)
[1728] [002] [INFO]   C:\Program Files\dotnet\packs\Microsoft.NETCore.App.Ref\8.0.23\ref\net8.0\System.Runtime.Serialization.Json.dll (00:00:00.1084737)
[1728] [008] [INFO]   C:\Program Files\dotnet\packs\Microsoft.NETCore.App.Ref\8.0.23\ref\net8.0\System.Security.Claims.dll (00:00:00.0807162)
[1728] [008] [INFO]   C:\Program Files\dotnet\packs\Microsoft.NETCore.App.Ref\8.0.23\ref\net8.0\System.Security.Cryptography.Cng.dll (00:00:00.0163615)
[1728] [002] [INFO]   C:\Program Files\dotnet\packs\Microsoft.NETCore.App.Ref\8.0.23\ref\net8.0\System.Runtime.Serialization.Primitives.dll (00:00:00.0343924)
[1728] [008] [INFO]   C:\Program Files\dotnet\packs\Microsoft.NETCore.App.Ref\8.0.23\ref\net8.0\System.Security.Cryptography.Csp.dll (00:00:00.0084354)
[1728] [008] [INFO]   C:\Program Files\dotnet\packs\Microsoft.NETCore.App.Ref\8.0.23\ref\net8.0\System.Security.Cryptography.Algorithms.dll (00:00:00.0046394)
[1728] [008] [INFO]   C:\Program Files\dotnet\packs\Microsoft.NETCore.App.Ref\8.0.23\ref\net8.0\System.Security.Cryptography.OpenSsl.dll (00:00:00.0110443)
[1728] [008] [INFO]   C:\Program Files\dotnet\packs\Microsoft.NETCore.App.Ref\8.0.23\ref\net8.0\System.Security.Cryptography.Encoding.dll (00:00:00.0311180)
[1728] [010] [INFO]   C:\Program Files\dotnet\packs\Microsoft.NETCore.App.Ref\8.0.23\ref\net8.0\System.Reflection.Emit.dll (00:00:00.5366202)
[1728] [009] [INFO]   C:\Program Files\dotnet\packs\Microsoft.NETCore.App.Ref\8.0.23\ref\net8.0\System.Numerics.Vectors.dll (00:00:00.5783899)
[1728] [011] [INFO]   C:\Program Files\dotnet\packs\Microsoft.NETCore.App.Ref\8.0.23\ref\net8.0\System.Data.Common.dll (00:00:01.9761207)
[1728] [010] [INFO]   C:\Program Files\dotnet\packs\Microsoft.NETCore.App.Ref\8.0.23\ref\net8.0\System.Security.Cryptography.X509Certificates.dll (00:00:00.0120909)
[1728] [009] [INFO]   C:\Users\LovekushChauhan\.nuget\packages\system.security.cryptography.protecteddata\4.7.0\ref\netstandard2.0\System.Security.Cryptography.ProtectedData.dll (00:00:00.0333276)
[1728] [011] [INFO]   C:\Program Files\dotnet\packs\Microsoft.NETCore.App.Ref\8.0.23\ref\net8.0\System.Security.Cryptography.Primitives.dll (00:00:00.0117926)
[1728] [009] [INFO]   C:\Program Files\dotnet\packs\Microsoft.NETCore.App.Ref\8.0.23\ref\net8.0\System.Security.dll (00:00:00.0081354)
[1728] [013] [INFO]   C:\Program Files\dotnet\packs\Microsoft.NETCore.App.Ref\8.0.23\ref\net8.0\System.Security.AccessControl.dll (00:00:00.3080340)
[1728] [011] [INFO]   C:\Program Files\dotnet\packs\Microsoft.NETCore.App.Ref\8.0.23\ref\net8.0\System.Security.Principal.dll (00:00:00.0113112)
[1728] [009] [INFO]   C:\Program Files\dotnet\packs\Microsoft.NETCore.App.Ref\8.0.23\ref\net8.0\System.ServiceProcess.dll (00:00:00.0457107)
[1728] [013] [INFO]   C:\Program Files\dotnet\packs\Microsoft.NETCore.App.Ref\8.0.23\ref\net8.0\System.ServiceModel.Web.dll (00:00:00.0092454)
[1728] [009] [INFO]   C:\Program Files\dotnet\packs\Microsoft.NETCore.App.Ref\8.0.23\ref\net8.0\System.Security.SecureString.dll (00:00:00.0156569)
[1728] [012] [INFO]   C:\Program Files\dotnet\packs\Microsoft.NETCore.App.Ref\8.0.23\ref\net8.0\System.Runtime.Serialization.Xml.dll (00:00:00.4331711)
[1728] [013] [INFO]   C:\Program Files\dotnet\packs\Microsoft.NETCore.App.Ref\8.0.23\ref\net8.0\System.Text.Encoding.CodePages.dll (00:00:00.0275039)
[1728] [012] [INFO]   C:\Program Files\dotnet\packs\Microsoft.NETCore.App.Ref\8.0.23\ref\net8.0\System.Text.Encoding.dll (00:00:00.0054488)
[1728] [008] [INFO]   C:\Users\LovekushChauhan\.nuget\packages\system.security.cryptography.pkcs\8.0.0\lib\net8.0\System.Security.Cryptography.Pkcs.dll (00:00:00.2795377)
[1728] [011] [INFO]   C:\Program Files\dotnet\packs\Microsoft.NETCore.App.Ref\8.0.23\ref\net8.0\System.Security.Principal.Windows.dll (00:00:00.1442809)
[1728] [009] [INFO]   C:\Program Files\dotnet\packs\Microsoft.NETCore.App.Ref\8.0.23\ref\net8.0\System.Text.Encoding.Extensions.dll (00:00:00.1115196)
[1728] [013] [INFO]   C:\Program Files\dotnet\packs\Microsoft.NETCore.App.Ref\8.0.23\ref\net8.0\System.Text.Encodings.Web.dll (00:00:00.0910566)
[1728] [008] [INFO]   C:\Program Files\dotnet\packs\Microsoft.NETCore.App.Ref\8.0.23\ref\net8.0\System.Threading.Channels.dll (00:00:00.0439387)
[1728] [010] [INFO]   C:\Program Files\dotnet\packs\Microsoft.AspNetCore.App.Ref\8.0.23\ref\net8.0\System.Security.Cryptography.Xml.dll (00:00:00.3025237)
[1728] [010] [INFO]   C:\Program Files\dotnet\packs\Microsoft.NETCore.App.Ref\8.0.23\ref\net8.0\System.Threading.Overlapped.dll (00:00:00.0531542)
[1728] [010] [INFO]   C:\Program Files\dotnet\packs\Microsoft.NETCore.App.Ref\8.0.23\ref\net8.0\System.Threading.Tasks.dll (00:00:00.0084078)
[1728] [015] [INFO]   C:\Program Files\dotnet\packs\Microsoft.NETCore.App.Ref\8.0.23\ref\net8.0\System.Runtime.Numerics.dll (00:00:00.8072683)
[1728] [013] [INFO]   C:\Program Files\dotnet\packs\Microsoft.AspNetCore.App.Ref\8.0.23\ref\net8.0\System.Threading.RateLimiting.dll (00:00:00.1506185)
[1728] [010] [INFO]   C:\Program Files\dotnet\packs\Microsoft.NETCore.App.Ref\8.0.23\ref\net8.0\System.Threading.ThreadPool.dll (00:00:00.0336852)
[1728] [015] [INFO]   C:\Program Files\dotnet\packs\Microsoft.NETCore.App.Ref\8.0.23\ref\net8.0\System.Threading.Tasks.Extensions.dll (00:00:00.0038246)
[1728] [015] [INFO]   C:\Program Files\dotnet\packs\Microsoft.NETCore.App.Ref\8.0.23\ref\net8.0\System.Threading.Timer.dll (00:00:00.0249155)
[1728] [015] [INFO]   C:\Program Files\dotnet\packs\Microsoft.NETCore.App.Ref\8.0.23\ref\net8.0\System.ValueTuple.dll (00:00:00.0145926)
[1728] [009] [INFO]   C:\Program Files\dotnet\packs\Microsoft.NETCore.App.Ref\8.0.23\ref\net8.0\System.Threading.dll (00:00:00.2350722)
[1728] [011] [INFO]   C:\Program Files\dotnet\packs\Microsoft.NETCore.App.Ref\8.0.23\ref\net8.0\System.Text.RegularExpressions.dll (00:00:00.2547861)
[1728] [009] [INFO]   C:\Program Files\dotnet\packs\Microsoft.NETCore.App.Ref\8.0.23\ref\net8.0\System.Transactions.dll (00:00:00.0101089)
[1728] [011] [INFO]   C:\Program Files\dotnet\packs\Microsoft.NETCore.App.Ref\8.0.23\ref\net8.0\System.Web.dll (00:00:00.0119259)
[1728] [010] [INFO]   C:\Program Files\dotnet\packs\Microsoft.NETCore.App.Ref\8.0.23\ref\net8.0\System.Threading.Thread.dll (00:00:00.1160246)
[1728] [011] [INFO]   C:\Program Files\dotnet\packs\Microsoft.NETCore.App.Ref\8.0.23\ref\net8.0\System.Windows.dll (00:00:00.0276850)
[1728] [009] [INFO]   C:\Program Files\dotnet\packs\Microsoft.NETCore.App.Ref\8.0.23\ref\net8.0\System.Web.HttpUtility.dll (00:00:00.0538545)
[1728] [013] [INFO]   C:\Program Files\dotnet\packs\Microsoft.NETCore.App.Ref\8.0.23\ref\net8.0\System.Threading.Tasks.Parallel.dll (00:00:00.1768488)
[1728] [011] [INFO]   C:\Program Files\dotnet\packs\Microsoft.NETCore.App.Ref\8.0.23\ref\net8.0\System.Xml.Linq.dll (00:00:00.0088559)
[1728] [009] [INFO]   C:\Program Files\dotnet\packs\Microsoft.NETCore.App.Ref\8.0.23\ref\net8.0\System.Xml.dll (00:00:00.0165267)
[1728] [013] [INFO]   C:\Program Files\dotnet\packs\Microsoft.NETCore.App.Ref\8.0.23\ref\net8.0\System.Xml.Serialization.dll (00:00:00.0072139)
[1728] [009] [INFO]   C:\Program Files\dotnet\packs\Microsoft.NETCore.App.Ref\8.0.23\ref\net8.0\System.Xml.XmlDocument.dll (00:00:00.0070729)
[1728] [009] [INFO]   C:\Program Files\dotnet\packs\Microsoft.NETCore.App.Ref\8.0.23\ref\net8.0\System.Xml.XPath.dll (00:00:00.0356982)
[1728] [015] [INFO]   C:\Program Files\dotnet\packs\Microsoft.NETCore.App.Ref\8.0.23\ref\net8.0\System.Transactions.Local.dll (00:00:00.1989246)
[1728] [015] [INFO]   C:\Program Files\dotnet\packs\Microsoft.NETCore.App.Ref\8.0.23\ref\net8.0\WindowsBase.dll (00:00:00.0223311)
[1728] [008] [INFO]   C:\Program Files\dotnet\packs\Microsoft.NETCore.App.Ref\8.0.23\ref\net8.0\System.Threading.Tasks.Dataflow.dll (00:00:00.4324112)
[1728] [009] [INFO]   C:\Program Files\dotnet\packs\Microsoft.NETCore.App.Ref\8.0.23\ref\net8.0\System.Xml.XPath.XDocument.dll (00:00:00.0427255)
[1728] [011] [INFO]   C:\Program Files\dotnet\packs\Microsoft.NETCore.App.Ref\8.0.23\ref\net8.0\System.Xml.XDocument.dll (00:00:00.3054570)
[1728] [007] [INFO]   C:\Program Files\dotnet\packs\Microsoft.NETCore.App.Ref\8.0.23\ref\net8.0\System.Runtime.InteropServices.dll (00:00:01.4790217)
[1728] [014] [INFO]   C:\Program Files\dotnet\packs\Microsoft.NETCore.App.Ref\8.0.23\ref\net8.0\System.Reflection.Metadata.dll (00:00:01.6732402)
[1728] [007] [INFO]   C:\Users\LovekushChauhan\SampleApi\obj\Debug\net8.0\SampleApi.GlobalUsings.g.cs (00:00:00.0741143)
[1728] [008] [INFO]   C:\Users\LovekushChauhan\SampleApi\obj\Debug\net8.0\.NETCoreApp,Version=v8.0.AssemblyAttributes.cs (00:00:00.3255713)
[1728] [012] [INFO]   C:\Program Files\dotnet\packs\Microsoft.NETCore.App.Ref\8.0.23\ref\net8.0\System.Text.Json.dll (00:00:00.9284485)
[1728] [011] [INFO]   C:\Users\LovekushChauhan\SampleApi\obj\Debug\net8.0\SampleApi.AssemblyInfo.cs (00:00:00.1581050)
[1728] [007] [INFO]   C:\Users\LovekushChauhan\SampleApi\obj\Debug\net8.0\SampleApi.MvcApplicationPartsAssemblyInfo.cs (00:00:00.0247332)
[1728] [013] [INFO]   C:\Program Files\dotnet\packs\Microsoft.NETCore.App.Ref\8.0.23\ref\net8.0\System.Xml.XmlSerializer.dll (00:00:00.4953554)
[1728] [015] [INFO]   C:\Users\LovekushChauhan\SampleApi\Controllers\HealthController.cs (00:00:00.3877059)
[1728] [002] [INFO]   C:\Program Files\dotnet\packs\Microsoft.NETCore.App.Ref\8.0.23\ref\net8.0\System.Security.Cryptography.dll (00:00:01.6060104)
[1728] [009] [INFO]   C:\Users\LovekushChauhan\SampleApi\Program.cs (00:00:00.6361050)
[1728] [010] [INFO]   C:\Program Files\dotnet\packs\Microsoft.NETCore.App.Ref\8.0.23\ref\net8.0\System.Xml.ReaderWriter.dll (00:00:00.8291807)
[1728] [006] [INFO]   C:\Program Files\dotnet\packs\Microsoft.NETCore.App.Ref\8.0.23\ref\net8.0\System.Runtime.Intrinsics.dll (00:00:02.4870130)
[1728] [016] [INFO]   C:\Program Files\dotnet\packs\Microsoft.NETCore.App.Ref\8.0.23\ref\net8.0\System.Runtime.dll (00:00:03.8429178)
[1728] [002] [INFO]   Extraction took 00:00:08.9778122
[1728] [002] [INFO]   Peak working set = 837 MB
[1728] [002] [INFO] EXTRACTION SUCCEEDED in 00:00:11.2686353
