[2026-03-23 14:42:30] This is codeql execute queries -J-Xmx1800M --off-heap-ram=1468 --verbosity=progress --logdir=C:\Users\LovekushChauhan\SampleApi\mydb\log --evaluator-log-level=5 --warnings=show --qlconfig-file=C:\Users\LovekushChauhan\sampleapi\qlconfig.yml --dynamic-join-order-mode=none --no-rerun --output=C:\Users\LovekushChauhan\SampleApi\mydb\results -- C:\Users\LovekushChauhan\SampleApi\mydb\db-csharp codeql/csharp-queries
[2026-03-23 14:42:30] [WARN] execute queries> This CodeQL Distribution is installed in 'C:\', which is a root filesystem directory. This could cause performance issues. Consider moving to a new location outside of the root, downloads or desktop directory. Alternatively, set the 'CODEQL_ALLOW_INSTALLATION_ANYWHERE' environment variable to 'true' to avoid seeing this message again.
[2026-03-23 14:42:30] Calling plumbing command: codeql resolve queries --qlconfig-file=C:\Users\LovekushChauhan\sampleapi\qlconfig.yml --format=json -- codeql/csharp-queries
[2026-03-23 14:43:49] Exception caught at top level: Query pack codeql/csharp-queries cannot be found. Check the spelling of the pack.
                      com.semmle.cli2.resolve.ResolveQueriesCommand.resolveQuerySpecifier(ResolveQueriesCommand.java:298)
                      com.semmle.cli2.resolve.ResolveQueriesCommand.executeJSON(ResolveQueriesCommand.java:211)
                      com.semmle.cli2.resolve.ResolveQueriesCommand.executeJSON(ResolveQueriesCommand.java:68)
                      com.semmle.cli2.picocli.SimpleJsonSubcommand.executeInsistingOnJSONWithExistingMessages(SimpleJsonSubcommand.java:121)
                      com.semmle.cli2.picocli.SubcommandCommon.withCompilationMessages(SubcommandCommon.java:444)
                      com.semmle.cli2.picocli.SimpleJsonSubcommand.executeInsistingOnJSON(SimpleJsonSubcommand.java:110)
                      com.semmle.cli2.picocli.PlumbingRunner.call(PlumbingRunner.java:61)
                      com.semmle.cli2.picocli.SubcommandCommon.callPlumbingInProcess(SubcommandCommon.java:170)
                      com.semmle.cli2.execute.ExecuteQueriesCommand.executeSubcommand(ExecuteQueriesCommand.java:434)
                      com.semmle.cli2.picocli.SubcommandCommon.lambda$executeSubcommandWithMessages$5(SubcommandCommon.java:886)
                      com.semmle.cli2.picocli.SubcommandCommon.withCompilationMessages(SubcommandCommon.java:444)
                      com.semmle.cli2.picocli.SubcommandCommon.executeSubcommandWithMessages(SubcommandCommon.java:884)
                      com.semmle.cli2.picocli.SubcommandCommon.toplevelMain(SubcommandCommon.java:777)
                      com.semmle.cli2.picocli.SubcommandCommon.call(SubcommandCommon.java:757)
                      com.semmle.cli2.picocli.SubcommandMaker.runMain(SubcommandMaker.java:238)
                      com.semmle.cli2.picocli.SubcommandMaker.runMain(SubcommandMaker.java:259)
                      com.semmle.cli2.CodeQL.main(CodeQL.java:113)
[2026-03-23 14:43:49] [SPAMMY] execute queries> Failed to write 1 diagnostics for execute queries since this subcommand could not determine its diagnostic directory.
